<?xml version="1.0" encoding="UTF-8"?>
<!-- Generated by org.testng.reporters.JUnitReportReporter -->
<testsuite hostname="Anusuyas-MBP.lan" failures="0" tests="6" name="runner.testrunner" time="14.708" errors="0" timestamp="2024-09-30T12:28:01 CDT" skipped="0">
  <testcase classname="runner.testrunner" name="runScenario" time="0.891"/>
  <testcase classname="runner.testrunner" name="runScenario" time="0.978"/>
  <testcase classname="runner.testrunner" name="runScenario" time="6.434"/>
  <testcase classname="runner.testrunner" name="runScenario" time="2.359"/>
  <testcase classname="runner.testrunner" name="runScenario" time="3.121"/>
  <testcase classname="runner.testrunner" name="runScenario" time="0.925"/>
</testsuite> <!-- runner.testrunner -->
